---------------------------------------------------------------
[ 2019-12-26T10:49:50+08:00 ] 127.0.0.1 GET fante.com/admin/index/Jnotice
[运行时间：0.741648s] [吞吐率：1.35req/s] [内存消耗：5,802.62kb] [文件加载：129]
[ info ] [ LANG ] C:\wamp64\www\we\thinkphp\lang\zh-cn.php
[ info ] [ ROUTE ] array (
  'type' => 'module',
  'module' => 
  array (
    0 => 'admin',
    1 => 'index',
    2 => 'Jnotice',
  ),
)
[ info ] [ HEADER ] array (
  'host' => 'fante.com',
  'connection' => 'keep-alive',
  'accept' => 'application/json, text/javascript, */*; q=0.01',
  'x-requested-with' => 'XMLHttpRequest',
  'user-agent' => 'Mozilla/5.0 (Windows NT 6.3; Win64; x64) AppleWebKit/537.36 (KHTML, like Gecko) Chrome/78.0.3904.97 Safari/537.36',
  'referer' => 'http://fante.com/index.php/admin/Index/index.html',
  'accept-encoding' => 'gzip, deflate',
  'accept-language' => 'zh-CN,zh;q=0.9',
  'cookie' => 'Hm_lvt_6c9e6e168b46aaa118c7ed52e9a02f43=1574924096,1574988637,1575442938,1577155712; PHPSESSID=qb08fhuq68951e5485oe0u3fc5',
)
[ info ] [ PARAM ] array (
  '/admin/index/Jnotice' => '',
)
[ info ] [ SESSION ] INIT array (
  'prefix' => 'admin',
  'type' => '',
  'auto_start' => true,
)
[ info ] [ DB ] INIT mysql
[ info ] [ BEHAVIOR ] Run behavior\admin\SystemBehavior @admin_visit [ RunTime:0.000361s ]
[ info ] [ RUN ] app\admin\controller\Index->Jnotice[ C:\wamp64\www\we\application\admin\controller\Index.php ]
[ info ] [ LOG ] INIT File
---------------------------------------------------------------
[ 2019-12-26T10:49:56+08:00 ] 127.0.0.1 GET fante.com/admin/index/Jnotice
[运行时间：0.757931s] [吞吐率：1.32req/s] [内存消耗：5,802.60kb] [文件加载：129]
[ info ] [ LANG ] C:\wamp64\www\we\thinkphp\lang\zh-cn.php
[ info ] [ ROUTE ] array (
  'type' => 'module',
  'module' => 
  array (
    0 => 'admin',
    1 => 'index',
    2 => 'Jnotice',
  ),
)
[ info ] [ HEADER ] array (
  'host' => 'fante.com',
  'connection' => 'keep-alive',
  'accept' => 'application/json, text/javascript, */*; q=0.01',
  'x-requested-with' => 'XMLHttpRequest',
  'user-agent' => 'Mozilla/5.0 (Windows NT 6.3; Win64; x64) AppleWebKit/537.36 (KHTML, like Gecko) Chrome/78.0.3904.97 Safari/537.36',
  'referer' => 'http://fante.com/index.php/admin/Index/index.html',
  'accept-encoding' => 'gzip, deflate',
  'accept-language' => 'zh-CN,zh;q=0.9',
  'cookie' => 'Hm_lvt_6c9e6e168b46aaa118c7ed52e9a02f43=1574924096,1574988637,1575442938,1577155712; PHPSESSID=qb08fhuq68951e5485oe0u3fc5',
)
[ info ] [ PARAM ] array (
  '/admin/index/Jnotice' => '',
)
[ info ] [ SESSION ] INIT array (
  'prefix' => 'admin',
  'type' => '',
  'auto_start' => true,
)
[ info ] [ DB ] INIT mysql
[ info ] [ BEHAVIOR ] Run behavior\admin\SystemBehavior @admin_visit [ RunTime:0.000371s ]
[ info ] [ RUN ] app\admin\controller\Index->Jnotice[ C:\wamp64\www\we\application\admin\controller\Index.php ]
[ info ] [ LOG ] INIT File
---------------------------------------------------------------
[ 2019-12-26T10:50:02+08:00 ] 127.0.0.1 GET fante.com/admin/index/Jnotice
[运行时间：0.759479s] [吞吐率：1.32req/s] [内存消耗：5,802.60kb] [文件加载：129]
[ info ] [ LANG ] C:\wamp64\www\we\thinkphp\lang\zh-cn.php
[ info ] [ ROUTE ] array (
  'type' => 'module',
  'module' => 
  array (
    0 => 'admin',
    1 => 'index',
    2 => 'Jnotice',
  ),
)
[ info ] [ HEADER ] array (
  'host' => 'fante.com',
  'connection' => 'keep-alive',
  'accept' => 'application/json, text/javascript, */*; q=0.01',
  'x-requested-with' => 'XMLHttpRequest',
  'user-agent' => 'Mozilla/5.0 (Windows NT 6.3; Win64; x64) AppleWebKit/537.36 (KHTML, like Gecko) Chrome/78.0.3904.97 Safari/537.36',
  'referer' => 'http://fante.com/index.php/admin/Index/index.html',
  'accept-encoding' => 'gzip, deflate',
  'accept-language' => 'zh-CN,zh;q=0.9',
  'cookie' => 'Hm_lvt_6c9e6e168b46aaa118c7ed52e9a02f43=1574924096,1574988637,1575442938,1577155712; PHPSESSID=qb08fhuq68951e5485oe0u3fc5',
)
[ info ] [ PARAM ] array (
  '/admin/index/Jnotice' => '',
)
[ info ] [ SESSION ] INIT array (
  'prefix' => 'admin',
  'type' => '',
  'auto_start' => true,
)
[ info ] [ DB ] INIT mysql
[ info ] [ BEHAVIOR ] Run behavior\admin\SystemBehavior @admin_visit [ RunTime:0.000357s ]
[ info ] [ RUN ] app\admin\controller\Index->Jnotice[ C:\wamp64\www\we\application\admin\controller\Index.php ]
[ info ] [ LOG ] INIT File
---------------------------------------------------------------
[ 2019-12-26T10:50:08+08:00 ] 127.0.0.1 GET fante.com/admin/index/Jnotice
[运行时间：0.769874s] [吞吐率：1.30req/s] [内存消耗：5,802.60kb] [文件加载：129]
[ info ] [ LANG ] C:\wamp64\www\we\thinkphp\lang\zh-cn.php
[ info ] [ ROUTE ] array (
  'type' => 'module',
  'module' => 
  array (
    0 => 'admin',
    1 => 'index',
    2 => 'Jnotice',
  ),
)
[ info ] [ HEADER ] array (
  'host' => 'fante.com',
  'connection' => 'keep-alive',
  'accept' => 'application/json, text/javascript, */*; q=0.01',
  'x-requested-with' => 'XMLHttpRequest',
  'user-agent' => 'Mozilla/5.0 (Windows NT 6.3; Win64; x64) AppleWebKit/537.36 (KHTML, like Gecko) Chrome/78.0.3904.97 Safari/537.36',
  'referer' => 'http://fante.com/index.php/admin/Index/index.html',
  'accept-encoding' => 'gzip, deflate',
  'accept-language' => 'zh-CN,zh;q=0.9',
  'cookie' => 'Hm_lvt_6c9e6e168b46aaa118c7ed52e9a02f43=1574924096,1574988637,1575442938,1577155712; PHPSESSID=qb08fhuq68951e5485oe0u3fc5',
)
[ info ] [ PARAM ] array (
  '/admin/index/Jnotice' => '',
)
[ info ] [ SESSION ] INIT array (
  'prefix' => 'admin',
  'type' => '',
  'auto_start' => true,
)
[ info ] [ DB ] INIT mysql
[ info ] [ BEHAVIOR ] Run behavior\admin\SystemBehavior @admin_visit [ RunTime:0.000356s ]
[ info ] [ RUN ] app\admin\controller\Index->Jnotice[ C:\wamp64\www\we\application\admin\controller\Index.php ]
[ info ] [ LOG ] INIT File
---------------------------------------------------------------
[ 2019-12-26T10:50:14+08:00 ] 127.0.0.1 GET fante.com/admin/index/Jnotice
[运行时间：0.755348s] [吞吐率：1.32req/s] [内存消耗：5,802.60kb] [文件加载：129]
[ info ] [ LANG ] C:\wamp64\www\we\thinkphp\lang\zh-cn.php
[ info ] [ ROUTE ] array (
  'type' => 'module',
  'module' => 
  array (
    0 => 'admin',
    1 => 'index',
    2 => 'Jnotice',
  ),
)
[ info ] [ HEADER ] array (
  'host' => 'fante.com',
  'connection' => 'keep-alive',
  'accept' => 'application/json, text/javascript, */*; q=0.01',
  'x-requested-with' => 'XMLHttpRequest',
  'user-agent' => 'Mozilla/5.0 (Windows NT 6.3; Win64; x64) AppleWebKit/537.36 (KHTML, like Gecko) Chrome/78.0.3904.97 Safari/537.36',
  'referer' => 'http://fante.com/index.php/admin/Index/index.html',
  'accept-encoding' => 'gzip, deflate',
  'accept-language' => 'zh-CN,zh;q=0.9',
  'cookie' => 'Hm_lvt_6c9e6e168b46aaa118c7ed52e9a02f43=1574924096,1574988637,1575442938,1577155712; PHPSESSID=qb08fhuq68951e5485oe0u3fc5',
)
[ info ] [ PARAM ] array (
  '/admin/index/Jnotice' => '',
)
[ info ] [ SESSION ] INIT array (
  'prefix' => 'admin',
  'type' => '',
  'auto_start' => true,
)
[ info ] [ DB ] INIT mysql
[ info ] [ BEHAVIOR ] Run behavior\admin\SystemBehavior @admin_visit [ RunTime:0.000415s ]
[ info ] [ RUN ] app\admin\controller\Index->Jnotice[ C:\wamp64\www\we\application\admin\controller\Index.php ]
[ info ] [ LOG ] INIT File
---------------------------------------------------------------
[ 2019-12-26T10:50:20+08:00 ] 127.0.0.1 GET fante.com/admin/index/Jnotice
[运行时间：0.745032s] [吞吐率：1.34req/s] [内存消耗：5,802.60kb] [文件加载：129]
[ info ] [ LANG ] C:\wamp64\www\we\thinkphp\lang\zh-cn.php
[ info ] [ ROUTE ] array (
  'type' => 'module',
  'module' => 
  array (
    0 => 'admin',
    1 => 'index',
    2 => 'Jnotice',
  ),
)
[ info ] [ HEADER ] array (
  'host' => 'fante.com',
  'connection' => 'keep-alive',
  'accept' => 'application/json, text/javascript, */*; q=0.01',
  'x-requested-with' => 'XMLHttpRequest',
  'user-agent' => 'Mozilla/5.0 (Windows NT 6.3; Win64; x64) AppleWebKit/537.36 (KHTML, like Gecko) Chrome/78.0.3904.97 Safari/537.36',
  'referer' => 'http://fante.com/index.php/admin/Index/index.html',
  'accept-encoding' => 'gzip, deflate',
  'accept-language' => 'zh-CN,zh;q=0.9',
  'cookie' => 'Hm_lvt_6c9e6e168b46aaa118c7ed52e9a02f43=1574924096,1574988637,1575442938,1577155712; PHPSESSID=qb08fhuq68951e5485oe0u3fc5',
)
[ info ] [ PARAM ] array (
  '/admin/index/Jnotice' => '',
)
[ info ] [ SESSION ] INIT array (
  'prefix' => 'admin',
  'type' => '',
  'auto_start' => true,
)
[ info ] [ DB ] INIT mysql
[ info ] [ BEHAVIOR ] Run behavior\admin\SystemBehavior @admin_visit [ RunTime:0.000397s ]
[ info ] [ RUN ] app\admin\controller\Index->Jnotice[ C:\wamp64\www\we\application\admin\controller\Index.php ]
[ info ] [ LOG ] INIT File
---------------------------------------------------------------
[ 2019-12-26T10:50:26+08:00 ] 127.0.0.1 GET fante.com/admin/index/Jnotice
[运行时间：0.745393s] [吞吐率：1.34req/s] [内存消耗：5,802.60kb] [文件加载：129]
[ info ] [ LANG ] C:\wamp64\www\we\thinkphp\lang\zh-cn.php
[ info ] [ ROUTE ] array (
  'type' => 'module',
  'module' => 
  array (
    0 => 'admin',
    1 => 'index',
    2 => 'Jnotice',
  ),
)
[ info ] [ HEADER ] array (
  'host' => 'fante.com',
  'connection' => 'keep-alive',
  'accept' => 'application/json, text/javascript, */*; q=0.01',
  'x-requested-with' => 'XMLHttpRequest',
  'user-agent' => 'Mozilla/5.0 (Windows NT 6.3; Win64; x64) AppleWebKit/537.36 (KHTML, like Gecko) Chrome/78.0.3904.97 Safari/537.36',
  'referer' => 'http://fante.com/index.php/admin/Index/index.html',
  'accept-encoding' => 'gzip, deflate',
  'accept-language' => 'zh-CN,zh;q=0.9',
  'cookie' => 'Hm_lvt_6c9e6e168b46aaa118c7ed52e9a02f43=1574924096,1574988637,1575442938,1577155712; PHPSESSID=qb08fhuq68951e5485oe0u3fc5',
)
[ info ] [ PARAM ] array (
  '/admin/index/Jnotice' => '',
)
[ info ] [ SESSION ] INIT array (
  'prefix' => 'admin',
  'type' => '',
  'auto_start' => true,
)
[ info ] [ DB ] INIT mysql
[ info ] [ BEHAVIOR ] Run behavior\admin\SystemBehavior @admin_visit [ RunTime:0.000379s ]
[ info ] [ RUN ] app\admin\controller\Index->Jnotice[ C:\wamp64\www\we\application\admin\controller\Index.php ]
[ info ] [ LOG ] INIT File
---------------------------------------------------------------
[ 2019-12-26T10:50:32+08:00 ] 127.0.0.1 GET fante.com/admin/index/Jnotice
[运行时间：0.763508s] [吞吐率：1.31req/s] [内存消耗：5,802.60kb] [文件加载：129]
[ info ] [ LANG ] C:\wamp64\www\we\thinkphp\lang\zh-cn.php
[ info ] [ ROUTE ] array (
  'type' => 'module',
  'module' => 
  array (
    0 => 'admin',
    1 => 'index',
    2 => 'Jnotice',
  ),
)
[ info ] [ HEADER ] array (
  'host' => 'fante.com',
  'connection' => 'keep-alive',
  'accept' => 'application/json, text/javascript, */*; q=0.01',
  'x-requested-with' => 'XMLHttpRequest',
  'user-agent' => 'Mozilla/5.0 (Windows NT 6.3; Win64; x64) AppleWebKit/537.36 (KHTML, like Gecko) Chrome/78.0.3904.97 Safari/537.36',
  'referer' => 'http://fante.com/index.php/admin/Index/index.html',
  'accept-encoding' => 'gzip, deflate',
  'accept-language' => 'zh-CN,zh;q=0.9',
  'cookie' => 'Hm_lvt_6c9e6e168b46aaa118c7ed52e9a02f43=1574924096,1574988637,1575442938,1577155712; PHPSESSID=qb08fhuq68951e5485oe0u3fc5',
)
[ info ] [ PARAM ] array (
  '/admin/index/Jnotice' => '',
)
[ info ] [ SESSION ] INIT array (
  'prefix' => 'admin',
  'type' => '',
  'auto_start' => true,
)
[ info ] [ DB ] INIT mysql
[ info ] [ BEHAVIOR ] Run behavior\admin\SystemBehavior @admin_visit [ RunTime:0.000762s ]
[ info ] [ RUN ] app\admin\controller\Index->Jnotice[ C:\wamp64\www\we\application\admin\controller\Index.php ]
[ info ] [ LOG ] INIT File
---------------------------------------------------------------
[ 2019-12-26T10:50:38+08:00 ] 127.0.0.1 GET fante.com/admin/index/Jnotice
[运行时间：0.744401s] [吞吐率：1.34req/s] [内存消耗：5,802.60kb] [文件加载：129]
[ info ] [ LANG ] C:\wamp64\www\we\thinkphp\lang\zh-cn.php
[ info ] [ ROUTE ] array (
  'type' => 'module',
  'module' => 
  array (
    0 => 'admin',
    1 => 'index',
    2 => 'Jnotice',
  ),
)
[ info ] [ HEADER ] array (
  'host' => 'fante.com',
  'connection' => 'keep-alive',
  'accept' => 'application/json, text/javascript, */*; q=0.01',
  'x-requested-with' => 'XMLHttpRequest',
  'user-agent' => 'Mozilla/5.0 (Windows NT 6.3; Win64; x64) AppleWebKit/537.36 (KHTML, like Gecko) Chrome/78.0.3904.97 Safari/537.36',
  'referer' => 'http://fante.com/index.php/admin/Index/index.html',
  'accept-encoding' => 'gzip, deflate',
  'accept-language' => 'zh-CN,zh;q=0.9',
  'cookie' => 'Hm_lvt_6c9e6e168b46aaa118c7ed52e9a02f43=1574924096,1574988637,1575442938,1577155712; PHPSESSID=qb08fhuq68951e5485oe0u3fc5',
)
[ info ] [ PARAM ] array (
  '/admin/index/Jnotice' => '',
)
[ info ] [ SESSION ] INIT array (
  'prefix' => 'admin',
  'type' => '',
  'auto_start' => true,
)
[ info ] [ DB ] INIT mysql
[ info ] [ BEHAVIOR ] Run behavior\admin\SystemBehavior @admin_visit [ RunTime:0.000437s ]
[ info ] [ RUN ] app\admin\controller\Index->Jnotice[ C:\wamp64\www\we\application\admin\controller\Index.php ]
[ info ] [ LOG ] INIT File
---------------------------------------------------------------
[ 2019-12-26T10:50:44+08:00 ] 127.0.0.1 GET fante.com/admin/index/Jnotice
[运行时间：0.742095s] [吞吐率：1.35req/s] [内存消耗：5,802.60kb] [文件加载：129]
[ info ] [ LANG ] C:\wamp64\www\we\thinkphp\lang\zh-cn.php
[ info ] [ ROUTE ] array (
  'type' => 'module',
  'module' => 
  array (
    0 => 'admin',
    1 => 'index',
    2 => 'Jnotice',
  ),
)
[ info ] [ HEADER ] array (
  'host' => 'fante.com',
  'connection' => 'keep-alive',
  'accept' => 'application/json, text/javascript, */*; q=0.01',
  'x-requested-with' => 'XMLHttpRequest',
  'user-agent' => 'Mozilla/5.0 (Windows NT 6.3; Win64; x64) AppleWebKit/537.36 (KHTML, like Gecko) Chrome/78.0.3904.97 Safari/537.36',
  'referer' => 'http://fante.com/index.php/admin/Index/index.html',
  'accept-encoding' => 'gzip, deflate',
  'accept-language' => 'zh-CN,zh;q=0.9',
  'cookie' => 'Hm_lvt_6c9e6e168b46aaa118c7ed52e9a02f43=1574924096,1574988637,1575442938,1577155712; PHPSESSID=qb08fhuq68951e5485oe0u3fc5',
)
[ info ] [ PARAM ] array (
  '/admin/index/Jnotice' => '',
)
[ info ] [ SESSION ] INIT array (
  'prefix' => 'admin',
  'type' => '',
  'auto_start' => true,
)
[ info ] [ DB ] INIT mysql
[ info ] [ BEHAVIOR ] Run behavior\admin\SystemBehavior @admin_visit [ RunTime:0.000355s ]
[ info ] [ RUN ] app\admin\controller\Index->Jnotice[ C:\wamp64\www\we\application\admin\controller\Index.php ]
[ info ] [ LOG ] INIT File
---------------------------------------------------------------
[ 2019-12-26T10:50:50+08:00 ] 127.0.0.1 GET fante.com/admin/index/Jnotice
[运行时间：0.734578s] [吞吐率：1.36req/s] [内存消耗：5,802.60kb] [文件加载：129]
[ info ] [ LANG ] C:\wamp64\www\we\thinkphp\lang\zh-cn.php
[ info ] [ ROUTE ] array (
  'type' => 'module',
  'module' => 
  array (
    0 => 'admin',
    1 => 'index',
    2 => 'Jnotice',
  ),
)
[ info ] [ HEADER ] array (
  'host' => 'fante.com',
  'connection' => 'keep-alive',
  'accept' => 'application/json, text/javascript, */*; q=0.01',
  'x-requested-with' => 'XMLHttpRequest',
  'user-agent' => 'Mozilla/5.0 (Windows NT 6.3; Win64; x64) AppleWebKit/537.36 (KHTML, like Gecko) Chrome/78.0.3904.97 Safari/537.36',
  'referer' => 'http://fante.com/index.php/admin/Index/index.html',
  'accept-encoding' => 'gzip, deflate',
  'accept-language' => 'zh-CN,zh;q=0.9',
  'cookie' => 'Hm_lvt_6c9e6e168b46aaa118c7ed52e9a02f43=1574924096,1574988637,1575442938,1577155712; PHPSESSID=qb08fhuq68951e5485oe0u3fc5',
)
[ info ] [ PARAM ] array (
  '/admin/index/Jnotice' => '',
)
[ info ] [ SESSION ] INIT array (
  'prefix' => 'admin',
  'type' => '',
  'auto_start' => true,
)
[ info ] [ DB ] INIT mysql
[ info ] [ BEHAVIOR ] Run behavior\admin\SystemBehavior @admin_visit [ RunTime:0.000354s ]
[ info ] [ RUN ] app\admin\controller\Index->Jnotice[ C:\wamp64\www\we\application\admin\controller\Index.php ]
[ info ] [ LOG ] INIT File
---------------------------------------------------------------
[ 2019-12-26T10:50:56+08:00 ] 127.0.0.1 GET fante.com/admin/index/Jnotice
[运行时间：0.742430s] [吞吐率：1.35req/s] [内存消耗：5,802.60kb] [文件加载：129]
[ info ] [ LANG ] C:\wamp64\www\we\thinkphp\lang\zh-cn.php
[ info ] [ ROUTE ] array (
  'type' => 'module',
  'module' => 
  array (
    0 => 'admin',
    1 => 'index',
    2 => 'Jnotice',
  ),
)
[ info ] [ HEADER ] array (
  'host' => 'fante.com',
  'connection' => 'keep-alive',
  'accept' => 'application/json, text/javascript, */*; q=0.01',
  'x-requested-with' => 'XMLHttpRequest',
  'user-agent' => 'Mozilla/5.0 (Windows NT 6.3; Win64; x64) AppleWebKit/537.36 (KHTML, like Gecko) Chrome/78.0.3904.97 Safari/537.36',
  'referer' => 'http://fante.com/index.php/admin/Index/index.html',
  'accept-encoding' => 'gzip, deflate',
  'accept-language' => 'zh-CN,zh;q=0.9',
  'cookie' => 'Hm_lvt_6c9e6e168b46aaa118c7ed52e9a02f43=1574924096,1574988637,1575442938,1577155712; PHPSESSID=qb08fhuq68951e5485oe0u3fc5',
)
[ info ] [ PARAM ] array (
  '/admin/index/Jnotice' => '',
)
[ info ] [ SESSION ] INIT array (
  'prefix' => 'admin',
  'type' => '',
  'auto_start' => true,
)
[ info ] [ DB ] INIT mysql
[ info ] [ BEHAVIOR ] Run behavior\admin\SystemBehavior @admin_visit [ RunTime:0.000367s ]
[ info ] [ RUN ] app\admin\controller\Index->Jnotice[ C:\wamp64\www\we\application\admin\controller\Index.php ]
[ info ] [ LOG ] INIT File
---------------------------------------------------------------
[ 2019-12-26T10:51:02+08:00 ] 127.0.0.1 GET fante.com/admin/index/Jnotice
[运行时间：0.757570s] [吞吐率：1.32req/s] [内存消耗：5,802.60kb] [文件加载：129]
[ info ] [ LANG ] C:\wamp64\www\we\thinkphp\lang\zh-cn.php
[ info ] [ ROUTE ] array (
  'type' => 'module',
  'module' => 
  array (
    0 => 'admin',
    1 => 'index',
    2 => 'Jnotice',
  ),
)
[ info ] [ HEADER ] array (
  'host' => 'fante.com',
  'connection' => 'keep-alive',
  'accept' => 'application/json, text/javascript, */*; q=0.01',
  'x-requested-with' => 'XMLHttpRequest',
  'user-agent' => 'Mozilla/5.0 (Windows NT 6.3; Win64; x64) AppleWebKit/537.36 (KHTML, like Gecko) Chrome/78.0.3904.97 Safari/537.36',
  'referer' => 'http://fante.com/index.php/admin/Index/index.html',
  'accept-encoding' => 'gzip, deflate',
  'accept-language' => 'zh-CN,zh;q=0.9',
  'cookie' => 'Hm_lvt_6c9e6e168b46aaa118c7ed52e9a02f43=1574924096,1574988637,1575442938,1577155712; PHPSESSID=qb08fhuq68951e5485oe0u3fc5',
)
[ info ] [ PARAM ] array (
  '/admin/index/Jnotice' => '',
)
[ info ] [ SESSION ] INIT array (
  'prefix' => 'admin',
  'type' => '',
  'auto_start' => true,
)
[ info ] [ DB ] INIT mysql
[ info ] [ BEHAVIOR ] Run behavior\admin\SystemBehavior @admin_visit [ RunTime:0.000357s ]
[ info ] [ RUN ] app\admin\controller\Index->Jnotice[ C:\wamp64\www\we\application\admin\controller\Index.php ]
[ info ] [ LOG ] INIT File
---------------------------------------------------------------
[ 2019-12-26T10:51:08+08:00 ] 127.0.0.1 GET fante.com/admin/index/Jnotice
[运行时间：0.767221s] [吞吐率：1.30req/s] [内存消耗：5,802.60kb] [文件加载：129]
[ info ] [ LANG ] C:\wamp64\www\we\thinkphp\lang\zh-cn.php
[ info ] [ ROUTE ] array (
  'type' => 'module',
  'module' => 
  array (
    0 => 'admin',
    1 => 'index',
    2 => 'Jnotice',
  ),
)
[ info ] [ HEADER ] array (
  'host' => 'fante.com',
  'connection' => 'keep-alive',
  'accept' => 'application/json, text/javascript, */*; q=0.01',
  'x-requested-with' => 'XMLHttpRequest',
  'user-agent' => 'Mozilla/5.0 (Windows NT 6.3; Win64; x64) AppleWebKit/537.36 (KHTML, like Gecko) Chrome/78.0.3904.97 Safari/537.36',
  'referer' => 'http://fante.com/index.php/admin/Index/index.html',
  'accept-encoding' => 'gzip, deflate',
  'accept-language' => 'zh-CN,zh;q=0.9',
  'cookie' => 'Hm_lvt_6c9e6e168b46aaa118c7ed52e9a02f43=1574924096,1574988637,1575442938,1577155712; PHPSESSID=qb08fhuq68951e5485oe0u3fc5',
)
[ info ] [ PARAM ] array (
  '/admin/index/Jnotice' => '',
)
[ info ] [ SESSION ] INIT array (
  'prefix' => 'admin',
  'type' => '',
  'auto_start' => true,
)
[ info ] [ DB ] INIT mysql
[ info ] [ BEHAVIOR ] Run behavior\admin\SystemBehavior @admin_visit [ RunTime:0.000356s ]
[ info ] [ RUN ] app\admin\controller\Index->Jnotice[ C:\wamp64\www\we\application\admin\controller\Index.php ]
[ info ] [ LOG ] INIT File
---------------------------------------------------------------
[ 2019-12-26T10:51:14+08:00 ] 127.0.0.1 GET fante.com/admin/index/Jnotice
[运行时间：0.736967s] [吞吐率：1.36req/s] [内存消耗：5,802.60kb] [文件加载：129]
[ info ] [ LANG ] C:\wamp64\www\we\thinkphp\lang\zh-cn.php
[ info ] [ ROUTE ] array (
  'type' => 'module',
  'module' => 
  array (
    0 => 'admin',
    1 => 'index',
    2 => 'Jnotice',
  ),
)
[ info ] [ HEADER ] array (
  'host' => 'fante.com',
  'connection' => 'keep-alive',
  'accept' => 'application/json, text/javascript, */*; q=0.01',
  'x-requested-with' => 'XMLHttpRequest',
  'user-agent' => 'Mozilla/5.0 (Windows NT 6.3; Win64; x64) AppleWebKit/537.36 (KHTML, like Gecko) Chrome/78.0.3904.97 Safari/537.36',
  'referer' => 'http://fante.com/index.php/admin/Index/index.html',
  'accept-encoding' => 'gzip, deflate',
  'accept-language' => 'zh-CN,zh;q=0.9',
  'cookie' => 'Hm_lvt_6c9e6e168b46aaa118c7ed52e9a02f43=1574924096,1574988637,1575442938,1577155712; PHPSESSID=qb08fhuq68951e5485oe0u3fc5',
)
[ info ] [ PARAM ] array (
  '/admin/index/Jnotice' => '',
)
[ info ] [ SESSION ] INIT array (
  'prefix' => 'admin',
  'type' => '',
  'auto_start' => true,
)
[ info ] [ DB ] INIT mysql
[ info ] [ BEHAVIOR ] Run behavior\admin\SystemBehavior @admin_visit [ RunTime:0.000390s ]
[ info ] [ RUN ] app\admin\controller\Index->Jnotice[ C:\wamp64\www\we\application\admin\controller\Index.php ]
[ info ] [ LOG ] INIT File
---------------------------------------------------------------
[ 2019-12-26T10:51:20+08:00 ] 127.0.0.1 GET fante.com/admin/index/Jnotice
[运行时间：0.744151s] [吞吐率：1.34req/s] [内存消耗：5,802.60kb] [文件加载：129]
[ info ] [ LANG ] C:\wamp64\www\we\thinkphp\lang\zh-cn.php
[ info ] [ ROUTE ] array (
  'type' => 'module',
  'module' => 
  array (
    0 => 'admin',
    1 => 'index',
    2 => 'Jnotice',
  ),
)
[ info ] [ HEADER ] array (
  'host' => 'fante.com',
  'connection' => 'keep-alive',
  'accept' => 'application/json, text/javascript, */*; q=0.01',
  'x-requested-with' => 'XMLHttpRequest',
  'user-agent' => 'Mozilla/5.0 (Windows NT 6.3; Win64; x64) AppleWebKit/537.36 (KHTML, like Gecko) Chrome/78.0.3904.97 Safari/537.36',
  'referer' => 'http://fante.com/index.php/admin/Index/index.html',
  'accept-encoding' => 'gzip, deflate',
  'accept-language' => 'zh-CN,zh;q=0.9',
  'cookie' => 'Hm_lvt_6c9e6e168b46aaa118c7ed52e9a02f43=1574924096,1574988637,1575442938,1577155712; PHPSESSID=qb08fhuq68951e5485oe0u3fc5',
)
[ info ] [ PARAM ] array (
  '/admin/index/Jnotice' => '',
)
[ info ] [ SESSION ] INIT array (
  'prefix' => 'admin',
  'type' => '',
  'auto_start' => true,
)
[ info ] [ DB ] INIT mysql
[ info ] [ BEHAVIOR ] Run behavior\admin\SystemBehavior @admin_visit [ RunTime:0.000407s ]
[ info ] [ RUN ] app\admin\controller\Index->Jnotice[ C:\wamp64\www\we\application\admin\controller\Index.php ]
[ info ] [ LOG ] INIT File
---------------------------------------------------------------
[ 2019-12-26T10:51:26+08:00 ] 127.0.0.1 GET fante.com/admin/index/Jnotice
[运行时间：0.768896s] [吞吐率：1.30req/s] [内存消耗：5,802.60kb] [文件加载：129]
[ info ] [ LANG ] C:\wamp64\www\we\thinkphp\lang\zh-cn.php
[ info ] [ ROUTE ] array (
  'type' => 'module',
  'module' => 
  array (
    0 => 'admin',
    1 => 'index',
    2 => 'Jnotice',
  ),
)
[ info ] [ HEADER ] array (
  'host' => 'fante.com',
  'connection' => 'keep-alive',
  'accept' => 'application/json, text/javascript, */*; q=0.01',
  'x-requested-with' => 'XMLHttpRequest',
  'user-agent' => 'Mozilla/5.0 (Windows NT 6.3; Win64; x64) AppleWebKit/537.36 (KHTML, like Gecko) Chrome/78.0.3904.97 Safari/537.36',
  'referer' => 'http://fante.com/index.php/admin/Index/index.html',
  'accept-encoding' => 'gzip, deflate',
  'accept-language' => 'zh-CN,zh;q=0.9',
  'cookie' => 'Hm_lvt_6c9e6e168b46aaa118c7ed52e9a02f43=1574924096,1574988637,1575442938,1577155712; PHPSESSID=qb08fhuq68951e5485oe0u3fc5',
)
[ info ] [ PARAM ] array (
  '/admin/index/Jnotice' => '',
)
[ info ] [ SESSION ] INIT array (
  'prefix' => 'admin',
  'type' => '',
  'auto_start' => true,
)
[ info ] [ DB ] INIT mysql
[ info ] [ BEHAVIOR ] Run behavior\admin\SystemBehavior @admin_visit [ RunTime:0.000377s ]
[ info ] [ RUN ] app\admin\controller\Index->Jnotice[ C:\wamp64\www\we\application\admin\controller\Index.php ]
[ info ] [ LOG ] INIT File
